Arguments: 
  C:\Program Files\nodejs\node.exe C:\Program Files\nodejs\node_modules\yarn\bin\yarn.js install

PATH: 
  C:\Users\kdh7565\bin;C:\Program Files\Git\mingw64\bin;C:\Program Files\Git\usr\local\bin;C:\Program Files\Git\usr\bin;C:\Program Files\Git\usr\bin;C:\Program Files\Git\mingw64\bin;C:\Program Files\Git\usr\bin;C:\Users\kdh7565\bin;C:\Program Files\zulu8.58.0.13-ca-jdk8.0.312-win_x64\bin;C:\apache-maven-3.8.2\bin;C:\Program Files (x86)\Common Files\Oracle\Java\javapath;C:\Program Files (x86)\Intel\Intel(R) Management Engine Components\iCLS;C:\Program Files\Intel\Intel(R) Management Engine Components\iCLS;C:\Windows\Softcamp\SDK;C:\Windows\Softcamp\SDS\x64;C:\Windows\Softcamp\SDS;C:\Windows\system32;C:\Windows;C:\Windows\System32\Wbem;C:\Windows\System32\WindowsPowerShell\v1.0;C:\Windows\System32\OpenSSH;C:\Program Files (x86)\NVIDIA Corporation\PhysX\Common;C:\Program Files (x86)\Intel\Intel(R) Management Engine Components\DAL;C:\Program Files\Intel\Intel(R) Management Engine Components\DAL;C:\Program Files\NVIDIA Corporation\NVIDIA NvDLISR;C:\Program Files (x86)\Microsoft SQL Server\150\DTS\Binn;C:\Program Files\Azure Data Studio\bin;C:\ProgramData\scEscpp;C:\ProgramData\scEscpp;C:\Users\kdh7565\AppData\Roaming\nvm;C:\Program Files\nodejs;C:\ProgramData\scEscpp;C:\ProgramData\scEscpp;C:\Program Files\Git\usr\bin;C:\iEC;C:\Users\kdh7565\AppData\Local\Programs\Python\Python310\Scripts;C:\Users\kdh7565\AppData\Local\Programs\Python\Python310;C:\Users\kdh7565\AppData\Local\Microsoft\WindowsApps;C:\Program Files\Bandizip;C:\Users\kdh7565\AppData\Local\Programs\Microsoft VS Code\bin;C:\Users\kdh7565\AppData\Roaming\nvm;C:\Program Files\nodejs;C:\Program Files\Git\usr\bin\vendor_perl;C:\Program Files\Git\usr\bin\core_perl

Yarn version: 
  1.22.19

Node version: 
  16.13.1

Platform: 
  win32 x64

Trace: 
  Error: “http://registry.npmjs.org/”/lerna: Invalid URI "“http://registry.npmjs.org/”/lerna"
      at Request.module.exports.Request.init (C:\Users\kdh7565\AppData\Roaming\nvm\v16.13.1\node_modules\yarn\lib\cli.js:140978:31)
      at new Request (C:\Users\kdh7565\AppData\Roaming\nvm\v16.13.1\node_modules\yarn\lib\cli.js:140832:8)
      at request (C:\Users\kdh7565\AppData\Roaming\nvm\v16.13.1\node_modules\yarn\lib\cli.js:137738:10)
      at RequestManager.execute (C:\Users\kdh7565\AppData\Roaming\nvm\v16.13.1\node_modules\yarn\lib\cli.js:66197:15)
      at RequestManager.shiftQueue (C:\Users\kdh7565\AppData\Roaming\nvm\v16.13.1\node_modules\yarn\lib\cli.js:66235:10)
      at C:\Users\kdh7565\AppData\Roaming\nvm\v16.13.1\node_modules\yarn\lib\cli.js:65905:13
      at new Promise (<anonymous>)
      at new F (C:\Users\kdh7565\AppData\Roaming\nvm\v16.13.1\node_modules\yarn\lib\cli.js:5305:28)
      at RequestManager.request (C:\Users\kdh7565\AppData\Roaming\nvm\v16.13.1\node_modules\yarn\lib\cli.js:65903:19)
      at NpmRegistry.<anonymous> (C:\Users\kdh7565\AppData\Roaming\nvm\v16.13.1\node_modules\yarn\lib\cli.js:31751:42)

npm manifest: 
  {
    "name": "Boilerplate",
    "version": "1.0.0",
    "private": true,
    "main": "index.js",
    "license": "MIT",
    "workspaces": {
      "packages": [
        "packages/*"
      ]
    },
    "scripts": {
      "client": "yarn workspace frontend"
    },
    "devDependencies": {
      "lerna": "^6.4.1"
    }
  }

yarn manifest: 
  No manifest

Lockfile: 
  No lockfile
